<?xml version="1.0" encoding="UTF-8"?>
<testsuite name="Basic Tests" tests="2" skipped="0" failures="0" errors="0" timestamp="2022-10-04T19:48:09" hostname="Clintons-MacBook-Air.local" time="0.094">
  <properties/>
  <testcase name="Basic 1 Bone Test" classname="A4DriverTest$BasicTests" time="0.063"/>
  <testcase name="Basic 1 rests on Test" classname="A4DriverTest$BasicTests" time="0.015"/>
  <system-out><![CDATA[raw test output
ankle-bone

end of raw test output
raw test output
shin-bone
ankle-bone

end of raw test output
]]></system-out>
  <system-err><![CDATA[]]></system-err>
</testsuite>
